STUBB'S, SWEET BLACK PEPPER SAUCE, BLACK PEPPER, UPC: 734756002178 的 ndbno 是 45113667。
TEJAS CHOCOLATE, DARK MATTER BLACK CHOCOLATE, BLACK LAVA SEA SALT, BLACK PEPPER, UPC: 859037004280 的 ndbno 是 45162070。
JACK LINK'S, PEPPERED BEEF JERKY SEASONED WITH CRACKED BLACK PEPPER, UPC: 017082876324 的 ndbno 是 45087756。
PEPPERED SALAMI COATED WITH BLACK PEPPER, UPC: 044500984750 的 ndbno 是 45287401。
SIMPLY PEPPERED ROASTED FAVA BEANS WITH HIMALAYAN PINK SALT AND BLACK PEPPER, UPC: 039400185208 的 ndbno 是 45263989。
SIGNATURE, TURKEY BREAST, CRACKED BLACK PEPPER SEASONED, UPC: 042222229432 的 ndbno 是 45139621。
THE DELI COUNTER, TURKEY PASTRAMI WITH CRACKED BLACK PEPPER, HICKORY SMOKED DARK, UPC: 042222860314 的 ndbno 是 45139594。
365 EVERYDAY VALUE, POTATO CHIPS, BLACK PEPPER & SEA SALT, UPC: 099482444174 的 ndbno 是 45168059。
WILD HARVEST, ORGANIC SWEET CORN & BLACK PEPPER TORTILLA CHIPS, UPC: 711535510512 的 ndbno 是 45145319。
365 EVERYDAY VALUE, TURKEY BREAST, BLACK PEPPER, UPC: 099482452667 的 ndbno 是 45168184。
HIMALAYAN BLACK PEPPER GRINDER, UPC: 818581010895 的 ndbno 是 45255582。
PORK CLOUDS, FRIED PORK SKINS, MALABAR BLACK PEPPER, UPC: 755918449655 的 ndbno 是 45086050。
DRAGONFLY, BLACK PEPPER POWDER, UPC: 721557533437 的 ndbno 是 45243771。
TIEU HOT DEN, WHOLE BLACK PEPPER, UPC: 721557533413 的 ndbno 是 45243766。
LAWRY'S, BLACK PEPPER SEASONED SALT, UPC: 021500047036 的 ndbno 是 45107995。
PARMELA CREAMERY, CHREAMY NUTCHEESE, BLACK PEPPER, UPC: 720825407180 的 ndbno 是 45024580。
HILLSHIRE FARM, TURKEY BREAST, BLACK PEPPER, UPC: 044500329551 的 ndbno 是 45319530。
CHEESE & BLACK PEPPER RAVIOLI, UPC: 077890410530 的 ndbno 是 45283810。
V8 BEVERAGE VEGETABLE BLACK PEPPER, UNPREPARED, GTIN: 00051000201195 的 ndbno 是 45135209。
FROLLICKS CRNCHY BEAN SEED MIX OLIVE OIL CRACKED BLACK PEPPER, UNPREPARED, GTIN: 00016000489325 的 ndbno 是 45327939。
Quaker Popped Sea Salt & Cracked Black Pepper 3 Ounce Plastic Bag, UNPREPARED, GTIN: 00030000160008 的 ndbno 是 45367952。
HORMEL, BACON & PORK SAUSAGE, MAPLE BLACK PEPPER, UPC: 037600437257 的 ndbno 是 45206679。
GRADE ""A"" PREMIUM WHOLE BLACK PEPPER, UPC: 015418007008 的 ndbno 是 45264720。
MAPLE BLACK PEPPER THICK CUT BACON, UPC: 037600313971 的 ndbno 是 45206829。
WHOLE FOODS MARKET, CHINESE BLACK PEPPER SAUCE, UPC: 034683349897 的 ndbno 是 45205262。
BLACK PEPPER KETCHUP, UPC: 736924502770 的 ndbno 是 45286722。
AMANO, ARTISAN DARK CHOCOLATE, CARDAMOM BLACK PEPPER, UPC: 892990001132 的 ndbno 是 45159677。
EQUAL EXCHANGE CHOCOLATES, ORGANIC DARK CHOCOLATE, LEMON GINGER WITH BLACK PEPPER, UPC: 745998990239 的 ndbno 是 45145648。
CLASSICO BLACK PEPPER COATED ITALIAN DRY SALAMI, UPC: 038101009653 的 ndbno 是 45104481。
SOUTHERN RECIPE, PORK RINDS, SEA SALT & CRACKED BLACK PEPPER, UPC: 077079004000 的 ndbno 是 45148518。
FULLER FOODS, SERIOUS CHEESY PUFFS, BAKED CORN PUFFS, ASIAGO BLACK PEPPER, UPC: 860242000134 的 ndbno 是 45162099。
DAVID SEEDS Black Pepper, UNPREPARED, GTIN: 00026200238913 的 ndbno 是 45130292。
DAVID SEEDS Lightly Salted with Black Pepper, UNPREPARED, GTIN: 00026200423814 的 ndbno 是 45130515。
NATURE'S RANCHER, COOKING & GRILLING SAUCE, BLACK PEPPER, UPC: 634098425942 的 ndbno 是 45168584。
LEE KUM KEE, SAUCE FOR BLACK PEPPER CHICKEN, UPC: 078895122046 的 ndbno 是 45088318。
SMOKED BLACK PEPPER NATURAL WHITE CHEDDAR CHEESE, DELI SLICED, UPC: 072830033077 的 ndbno 是 45240657。
NATURAL COOKED UNCURED, CRACKED BLACK PEPPER BEEF POLISH SAUSAGE, UPC: 851547006044 的 ndbno 是 45087037。
OREGANO-GARLIC-BLACK PEPPER SPICE MIX, UPC: 728028186727 的 ndbno 是 45212271。
MATURE CHEDDAR SLICES WITH CRACKED BLACK PEPPER, UPC: 093936066356 的 ndbno 是 45344805。
THREE CHEESE RISOTTO WITH NUTMEG & BLACK PEPPER, UPC: 078742159768 的 ndbno 是 45324307。
PARMESAN & BLACK PEPPER RAVIOLI CHEESE, UPC: 024842440053 的 ndbno 是 45314130。
BLACK PEPPER & OLIVE OIL, UPC: 793573720948 的 ndbno 是 45285725。
DRY SALAMI ROLLED IN BLACK PEPPER, UPC: 038101000469 的 ndbno 是 45036168。
ORIGINAL BLACK PEPPER BRAIDS, UPC: 086492739987 的 ndbno 是 45211722。
PORTOBELLO MUSHROOM & CRACKED BLACK PEPPER, UPC: 736490004630 的 ndbno 是 45348470。
GROUND BLACK PEPPER, UPC: 055270955970 的 ndbno 是 45210714。
WHOLE BLACK PEPPER, UPC: 026662112370 的 ndbno 是 45363871。
BLACK PEPPER MULTI GRAIN & SEED CRACKERS, UPC: 852406003853 的 ndbno 是 45340510。
GREAT VALUE, IODIZED SALT & BLACK PEPPER, UPC: 078742017020 的 ndbno 是 45005815。
CRACKED BLACK PEPPER SALAMI, UPC: 044700074480 的 ndbno 是 45260848。
CENTER CUT COATED WITH COARSE BLACK PEPPER BACON, UPC: 071755026805 的 ndbno 是 45051938。
BLACK PEPPER , UPC: 041351914646 的 ndbno 是 45364036。
GOLDEN VALLEY NATURAL, ORGANIC BEEF JERKY, BLACK PEPPER, UPC: 817820006217 的 ndbno 是 45004619。
BLACK PEPPER COARSE GRIND, UPC: 608623000553 的 ndbno 是 45021998。
CRACKED BLACK PEPPER ALMOND FLOUR CRACKERS, UPC: 856069005308 的 ndbno 是 45314943。
SWEET & ZESTY WITH STRAWBERRIES, CRACKED BLACK PEPPER CASHEWS & AGED SWISS CHEESE SNACKS, UPC: 812049002620 的 ndbno 是 45314777。
FINE GROUND BLACK PEPPER, UPC: 016291441453 的 ndbno 是 45060476。
COARSE GROUND BLACK PEPPER, UPC: 016291441378 的 ndbno 是 45060425。
CRACKED BLACK PEPPER & SEA SALT SALMON, UPC: 019600921516 的 ndbno 是 45122405。
TELLICHERRY GROUND BLACK PEPPER, UPC: 021248167263 的 ndbno 是 45181702。
TELLICHERRY BLACK PEPPER, UPC: 021248105029 的 ndbno 是 45181684。
FOOD CLUB, IODIZED SALT & BLACK PEPPER SHAKER SET, UPC: 036800045569 的 ndbno 是 45012163。
WHITE CHEDDAR RICED CAULIFLOWER WITH BLACK PEPPER, UPC: 034183000076 的 ndbno 是 45363536。
KAMEDA CRISPS, SAVORY RICE SNACK WITH ROASTED PEANUTS, BLACK PEPPER, UPC: 811507010184 的 ndbno 是 45089953。
ROUNDY'S, IODIZED SALT & BLACK PEPPER SET, UPC: 011150270052 的 ndbno 是 45009524。
SEA SALT & BLACK PEPPER POTATOES, UPC: 071117027020 的 ndbno 是 45357169。
CRACKED BLACK PEPPER BEEF JERKY, UPC: 856170005136 的 ndbno 是 45203709。
ITALIAN DRY BLACK PEPPER SALAMI, UPC: 765171081479 的 ndbno 是 45186213。
SEA SALT AND CRACKED BLACK PEPPER, UPC: 819898010004 的 ndbno 是 45044121。
OLDE THOMPSON, WHOLE TELLICHERRY BLACK PEPPER, UPC: 021248167027 的 ndbno 是 45181699。
BLACK PEPPER CHIPS, UPC: 869682000025 的 ndbno 是 45203835。
BLACK PEPPER KETCHUP, BOLD & ROBUST, UPC: 736924218442 的 ndbno 是 45078760。
BLACK PEPPER & ORANGE ZEST BAR, UPC: 893869003158 的 ndbno 是 45362894。
SARTORI, BLACK PEPPER BELLA VITANO CHEESE, UPC: 213296604801 的 ndbno 是 45036197。
SPICE SUPREME, IODIZED SALT, BLACK PEPPER, UPC: 076114309070 的 ndbno 是 45034872。
SEXYPOP, GOURMET AIR POPPED POPCORN, BLACK PEPPER, UPC: 859941005090 的 ndbno 是 45158696。
100% ORGANIC FINE GROUND BLACK PEPPER, UPC: 016291442450 的 ndbno 是 45059040。
100% ORGANIC WHOLE BLACK PEPPER CORNS, UPC: 016291442399 的 ndbno 是 45058936。
100|% ORGANIC COARSE GROUND BLACK PEPPER, UPC: 016291442375 的 ndbno 是 45058913。
QUAKER, POPPED, RICE CHIPS, SEA SALT & CRACKED BLACK PEPPER, UPC: 030000160008 的 ndbno 是 45294752。
STEAK & CHOP MARINADE WITH GARLIC AND BLACK PEPPER, UPC: 041303000878 的 ndbno 是 45283675。
PCC, BLACK PEPPER TURKEY JERKY, SMOKE, UPC: 817820002813 的 ndbno 是 45024745。
SHOPRITE, STEAK AND CHOP MARINADE WITH GARLIC & CRACKED BLACK PEPPER, UPC: 041190049165 的 ndbno 是 45202094。
VICTORIA TAYLOR'S, CRACKED BLACK PEPPER STEAK, UPC: 666227700088 的 ndbno 是 45185409。
CRINKLE CUT SWEET POTATO FRIES WITH SEA SALT AND BLACK PEPPER, UPC: 834183007156 的 ndbno 是 45319665。
CRACKED BLACK PEPPER PARMESAN BREAD, UPC: 708820342958 的 ndbno 是 45178716。
LA FLOR, GROUND BLACK PEPPER, UPC: 077636011519 的 ndbno 是 45363066。
ASS KICKIN', BEEF JERKY, BLACK PEPPER, UPC: 089382115731 的 ndbno 是 45030881。
BLACK PEPPER & BLUE CHEESE ORGANIC GRASS-FED BEEF BURGERS, UPC: 812154025606 的 ndbno 是 45202947。
SHIRAKIKU, BLACK PEPPER POWDER, UPC: 074410344276 的 ndbno 是 45099829。
WINCO FOODS, BLACK PEPPER GROUND, UPC: 070552200166 的 ndbno 是 45096325。
BLACK PEPPER VEGAN TOONA, UPC: 851110003265 的 ndbno 是 45084602。
KA-ME, BLACK PEPPER SAUCE, UPC: 070844005332 的 ndbno 是 45042271。
RICKY'S LUCKY NUTS, UNIQUELY ROASTED PREMIUM PEANUTS, BLACK PEPPER & SEA SALT, UPC: 891473002451 的 ndbno 是 45101282。
SEXY POP, BLACK PEPPER, UPC: 859941005038 的 ndbno 是 45158697。
SARTORI, BELLAVITANO CHEESE, BLACK PEPPER, UPC: 011863118771 的 ndbno 是 45101393。
STELLA, ROMANO CHEESE, BLACK PEPPER, UPC: 075805602940 的 ndbno 是 45042346。
FENNEL & BLACK PEPPER BACON SPREAD, UPC: 852225003096 的 ndbno 是 45180481。
H-E-B CENTRAL MARKET, BLACK PEPPER UNCURED BACON, UPC: 041220891313 的 ndbno 是 45173333。
KRAFT, STACKED CHEESE & MEAT SNACK, WHITE CHEDDAR SALAMI WITH BLACK PEPPER, UPC: 02174806 的 ndbno 是 45253941。
BLACK PEPPERED HAM, UPC: 051900801129 的 ndbno 是 45214511。
HIMALAYAN PINK SALT BLACK PEPPER AND GARLIC SEASONING, UPC: 052100041155 的 ndbno 是 45327353。
GARLIC HERB BLACK PEPPER AND SEA SALT, UPC: 052100040790 的 ndbno 是 45327292。
BLACK PEPPER CHICKEN, UPC: 021130104307 的 ndbno 是 45325528。
OLIVE SNACK MARINATED WITH CHILLI & BLACK PEPPER, UPC: 607959700502 的 ndbno 是 45291186。
AUTHENTIC-STYLE BLACK PEPPER & LIME YELLOW CORN TORTILLA CHIPS, UPC: 085239616789 的 ndbno 是 45274514。
ASIAGO CHEESE & CRACKED BLACK PEPPER RICE, UPC: 041000716157 的 ndbno 是 45322623。
CRACKED BLACK PEPPER CHEDDAR CHEESE, UPC: 075925300863 的 ndbno 是 45322752。
CRACKED BLACK PEPPER CHEDDAR, UPC: 075925604787 的 ndbno 是 45272752。
WHOLEY CHEESE CRISPY BAKED CRACKERS SWISS& BLACK PEPPER, UPC: 077975092064 的 ndbno 是 45286049。
ORGANIC GROUND BLACK PEPPER, UPC: 078742170114 的 ndbno 是 45230076。
SMOKED SAUSAGE WITH BOURBON WHISKEY, UNCURED BACON AND CRACKED BLACK PEPPER, UPC: 050754108538 的 ndbno 是 45205308。
TILLAMOOK, SMOKED WHITE CHEDDAR CHEESE, BLACK PEPPER, UPC: 072830033404 的 ndbno 是 45085360。
SMOKED BLACK PEPPER WHITE CHEDDAR CHEESE, UPC: 072830000970 的 ndbno 是 45227535。
BLACK PEPPER & WILD SALMON, UPC: 889396003136 的 ndbno 是 45361009。
BUMBLE BEE, SUPER FRESH, SALMON WITH GARLICKY BLACK PEPPER & EXTRA VIRGIN OIL, UPC: 086600777160 的 ndbno 是 45045457。
HORMEL, NATURAL CHOICE, CRACKED BLACK PEPPER DELI TURKEY, UPC: 037600455305 的 ndbno 是 45206977。
DESERT PEPPER TRADING COMPANY, AUTHENTIC CORN BLACK BEAN RED PEPPER SALSA, MEDIUM, UPC: 71921136 的 ndbno 是 45081627。
THE SPICE HUNTER, ORGANIC GRINDER SALT FREE BLACK & WHITE PEPPER, UPC: 081057020333 的 ndbno 是 45030841。
Spices, pepper, black 的 ndbno 是 02030。
RANCH STYLE Black Label Red Pepper Baked Beans, UNPREPARED, GTIN: 00046900002959 的 ndbno 是 45134239。
CORN BLACK BEAN RED PEPPER SALSA, UPC: 719212799755 的 ndbno 是 45123053。
TEX MEX CORN & MUKIMAME WITH PEPPERS, BLACK BEANS, OLIVE OIL, AND SEA SALY, UPC: 855229005561 的 ndbno 是 45269339。
SHOP RITE, RISING CRUST PIZZA SUPREME WITH SAUSAGE, PEPPERONI, PEPPERS, ONIONS & BLACK OLIVES, UPC: 041190406470 的 ndbno 是 45008844。
SUPREME PIZZA, SAUSAGE, PEPPERONI, RED & GREEN PEPPERS, ONIONS, BLACK OLIVES, UPC: 092825093602 的 ndbno 是 45282423。
PASTA, SEASONING, CORN, BLACK BEANS & RED BELL PEPPERS, UPC: 016000743342 的 ndbno 是 45320812。
ROASTED PEPPER STUFFED CALIFORNIA BLACK RIPE OLIVES, UPC: 072999802033 的 ndbno 是 45277610。
BETTER BEAN, CUBAN BLACK BEANS, SAUTED ONION & POBLANO PEPPER, UPC: 852405002048 的 ndbno 是 45341989。
SPICY RED PEPPER PORK WITH BLACK BEANS STICK, UPC: 815296020447 的 ndbno 是 45337580。
SPICY RED PEPPER PORK WITH BLACK BEANS, UPC: 815296020454 的 ndbno 是 45337448。
CHICKEN TAMALES WITH BLACK BEANS, JACK CHEESE AND POBLANO PEPPERS, UPC: 038794998050 的 ndbno 是 45350419。
CORN & BLACK BEAN QUINOA BLEND WITH PINEAPPLE & RED PEPPER, UPC: 085239058206 的 ndbno 是 45227447。
PUBLIX DELI, BLACK BEAN HUMMUS, OLIVE OIL AND ROASTED RED PEPPERS, UPC: 041415450622 的 ndbno 是 45174076。
