<form method="POST" action="{{d}}complete.php">
    <table>
                <tr>
            <td>你的名字：</td>
            <td><input name='name' type='text' /></td>
        </tr>

        <tr>
            <td>尺寸：</td>
            <td>
                <input name='size' value='中' type='radio' /> 小 <br>
                <input name='size' value='中' type='radio' checked /> 中 <br>
                <input name='size' value='中' type='radio' /> 大 <br>
            </td>
        </tr>

        <tr>
            <td>選擇一項甜點：</td>
            <td><select name='sweet'><option value='鬆餅'>芝麻鬆餅</option><option value='方形'>方形椰奶凝膠</option><option value='蛋糕'>黑糖蛋糕</option><option value='米肉'>甜米飯和肉</option></select></td>
        </tr>

        <tr>
            <td>選擇兩道主菜：</td>
            <td>
                <select name='mainDish[]' multiple><option value='黃瓜'>紅燒海參</option><option value='胃'>炒豬的胃</option><option value='肚'>葡萄酒醬炒牛肚</option><option value='芋頭'>芋頭燉豬肉</option><option value='內臟'>鹽焗內臟</option><option value='鮑魚'>鮑魚骨髓和鴨掌</option></select>            </td>
        </tr>

        <tr>
            <td>你想要你的訂單送出嗎？</td>
            <td>
                <input name='delivery' value='是' type='checkbox' checked /> 是
            </td>
        </tr>

        <tr>
            <td>
                輸入任何特殊說明。<br>
                如果您希望送出您的訂單，請在此處填寫您的地址：
            </td>
            <td><textarea name='comments'></textarea></td>
        </tr>

        <tr>
            <td colspan="2" align="center">
                <input value='Order' type='submit' />            </td>
        </tr>

    </table>
</form>
