<form method="POST" action="{{!}}">
    <table>
                <tr>
            <td>菜名：</td>
            <td><input name='dish_name' type='text' /></td>
        </tr>
        <tr>
            <td>價格：</td>
            <td><input name='price' type='text' value='5.00' /></td>
        </tr>
        <tr>
            <td>辣：</td>
            <td><input name='is_spicy' value='是' type='checkbox' /> 是
            </td>
        </tr>
        <tr>
            <td colspan="2" align="center">
                <input name='save' value='送出' type='submit' />            </td>
        </tr>
    </table>
</form>
